<?xml version="1.0" encoding="UTF-8"?>
<coverage generated="1718041680772" clover="3.2.0">
  <project timestamp="1718041680773" name="All files">
    <metrics statements="13" coveredstatements="13" conditionals="4" coveredconditionals="4" methods="8" coveredmethods="8" elements="25" coveredelements="25" complexity="0" loc="13" ncloc="13" packages="1" files="2" classes="2"/>
    <file name="map.js" path="C:\Users\xotab\OneDrive\Рабочий стол\set_map\src\map.js">
      <metrics statements="5" coveredstatements="5" conditionals="2" coveredconditionals="2" methods="3" coveredmethods="3"/>
      <line num="3" count="2" type="stmt"/>
      <line num="7" count="2" type="stmt"/>
      <line num="11" count="2" type="cond" truecount="2" falsecount="0"/>
      <line num="12" count="1" type="stmt"/>
      <line num="14" count="1" type="stmt"/>
    </file>
    <file name="set.js" path="C:\Users\xotab\OneDrive\Рабочий стол\set_map\src\set.js">
      <metrics statements="8" coveredstatements="8" conditionals="2" coveredconditionals="2" methods="5" coveredmethods="5"/>
      <line num="3" count="4" type="stmt"/>
      <line num="7" count="3" type="cond" truecount="2" falsecount="0"/>
      <line num="8" count="1" type="stmt"/>
      <line num="10" count="2" type="stmt"/>
      <line num="15" count="2" type="stmt"/>
      <line num="16" count="12" type="stmt"/>
      <line num="20" count="1" type="stmt"/>
      <line num="26" count="2" type="stmt"/>
    </file>
  </project>
</coverage>
